<?xml version="1.0" encoding="UTF-8"?>
<!-- Generated by org.testng.reporters.JUnitXMLReporter -->
<testsuite ignored="3" hostname="Stevu" failures="1" tests="1" name="parameters.xml" time="2.794" errors="0" timestamp="2025-03-21T21:43:21 IST">
  <testcase classname="com.obsqura.rmart_Supermarket.Testscript.LoginPageTest" name="verifyUserCannotLoginUsingInValidUsernameAndValidPassword" time="0.513">
    <failure type="org.openqa.selenium.StaleElementReferenceException" message="stale element reference: stale element not found
  (Session info: chrome=134.0.6998.118)
For documentation on this error, please visit: https://www.selenium.dev/documentation/webdriver/troubleshooting/errors#stale-element-reference-exception
Build info: version: &amp;apos;4.28.1&amp;apos;, revision: &amp;apos;73f5ad48a2&amp;apos;
System info: os.name: &amp;apos;Windows 11&amp;apos;, os.arch: &amp;apos;amd64&amp;apos;, os.version: &amp;apos;10.0&amp;apos;, java.version: &amp;apos;17.0.12&amp;apos;
Driver info: org.openqa.selenium.chrome.ChromeDriver
Command: [a3e8944d3cc0e765f0df4fa3ceec5435, isElementDisplayed {id=f.4C66D510B4B5D4C4BBC08EB97056DBA6.d.523CD82ECAE7737775059B63EC6C0B67.e.20}]
Capabilities {acceptInsecureCerts: false, browserName: chrome, browserVersion: 134.0.6998.118, chrome: {chromedriverVersion: 134.0.6998.90 (219ee74681fc..., userDataDir: C:\Users\treas\AppData\Loca...}, fedcm:accounts: true, goog:chromeOptions: {debuggerAddress: localhost:53006}, networkConnectionEnabled: false, pageLoadStrategy: normal, platformName: windows, proxy: Proxy(), se:cdp: ws://localhost:53006/devtoo..., se:cdpVersion: 134.0.6998.118, setWindowRect: true, strictFileInteractability: false, timeouts: {implicit: 0, pageLoad: 300000, script: 30000}, unhandledPromptBehavior: dismiss and notify, webauthn:extension:credBlob: true, webauthn:extension:largeBlob: true, webauthn:extension:minPinLength: true, webauthn:extension:prf: true, webauthn:virtualAuthenticators: true}
Element: [[ChromeDriver: chrome on windows (a3e8944d3cc0e765f0df4fa3ceec5435)] -&amp;gt; xpath: //p[text()= &amp;apos;Sign in to start your session&amp;apos;]]
Session ID: a3e8944d3cc0e765f0df4fa3ceec5435">
      <![CDATA[org.openqa.selenium.StaleElementReferenceException: stale element reference: stale element not found
  (Session info: chrome=134.0.6998.118)
For documentation on this error, please visit: https://www.selenium.dev/documentation/webdriver/troubleshooting/errors#stale-element-reference-exception
Build info: version: '4.28.1', revision: '73f5ad48a2'
System info: os.name: 'Windows 11', os.arch: 'amd64', os.version: '10.0', java.version: '17.0.12'
Driver info: org.openqa.selenium.chrome.ChromeDriver
Command: [a3e8944d3cc0e765f0df4fa3ceec5435, isElementDisplayed {id=f.4C66D510B4B5D4C4BBC08EB97056DBA6.d.523CD82ECAE7737775059B63EC6C0B67.e.20}]
Capabilities {acceptInsecureCerts: false, browserName: chrome, browserVersion: 134.0.6998.118, chrome: {chromedriverVersion: 134.0.6998.90 (219ee74681fc..., userDataDir: C:\Users\treas\AppData\Loca...}, fedcm:accounts: true, goog:chromeOptions: {debuggerAddress: localhost:53006}, networkConnectionEnabled: false, pageLoadStrategy: normal, platformName: windows, proxy: Proxy(), se:cdp: ws://localhost:53006/devtoo..., se:cdpVersion: 134.0.6998.118, setWindowRect: true, strictFileInteractability: false, timeouts: {implicit: 0, pageLoad: 300000, script: 30000}, unhandledPromptBehavior: dismiss and notify, webauthn:extension:credBlob: true, webauthn:extension:largeBlob: true, webauthn:extension:minPinLength: true, webauthn:extension:prf: true, webauthn:virtualAuthenticators: true}
Element: [[ChromeDriver: chrome on windows (a3e8944d3cc0e765f0df4fa3ceec5435)] -> xpath: //p[text()= 'Sign in to start your session']]
Session ID: a3e8944d3cc0e765f0df4fa3ceec5435
at org.openqa.selenium.remote.ErrorCodec.decode(ErrorCodec.java:167)
at org.openqa.selenium.remote.codec.w3c.W3CHttpResponseCodec.decode(W3CHttpResponseCodec.java:138)
at org.openqa.selenium.remote.codec.w3c.W3CHttpResponseCodec.decode(W3CHttpResponseCodec.java:50)
at org.openqa.selenium.remote.HttpCommandExecutor.execute(HttpCommandExecutor.java:215)
at org.openqa.selenium.remote.service.DriverCommandExecutor.invokeExecute(DriverCommandExecutor.java:216)
at org.openqa.selenium.remote.service.DriverCommandExecutor.execute(DriverCommandExecutor.java:174)
at org.openqa.selenium.remote.RemoteWebDriver.execute(RemoteWebDriver.java:545)
at org.openqa.selenium.remote.RemoteWebElement.execute(RemoteWebElement.java:223)
at org.openqa.selenium.remote.RemoteWebElement.isDisplayed(RemoteWebElement.java:282)
at org.openqa.selenium.support.pagefactory.internal.LocatingElementHandler.invoke(LocatingElementHandler.java:51)
at jdk.proxy2/jdk.proxy2.$Proxy14.isDisplayed(Unknown Source)
at com.obsqura.rmart_Supermarket.pages.LoginPage.isSignInTextAppearsOnTop(LoginPage.java:34)
at com.obsqura.rmart_Supermarket.Testscript.LoginPageTest.verifyUserCannotLoginUsingInValidUsernameAndValidPassword(LoginPageTest.java:47)
at java.base/java.util.ArrayList.forEach(ArrayList.java:1511)
... Removed 36 stack frames]]>
    </failure>
  </testcase> <!-- verifyUserCannotLoginUsingInValidUsernameAndValidPassword -->
  <testcase classname="com.obsqura.rmart_Supermarket.Testscript.LoginPageTest" name="verifyUserCannotLoginUsingValidUsernameAndInvalidPassword" time="0.0">
    <ignored/>
  </testcase> <!-- verifyUserCannotLoginUsingValidUsernameAndInvalidPassword -->
  <testcase classname="com.obsqura.rmart_Supermarket.Testscript.LoginPageTest" name="verifyUserCanLoginUsingValidUsernameAndPassword" time="0.0">
    <ignored/>
  </testcase> <!-- verifyUserCanLoginUsingValidUsernameAndPassword -->
  <testcase classname="com.obsqura.rmart_Supermarket.Testscript.LoginPageTest" name="verifyUserCannotLoginUsingInvalidUsernameAndPassword" time="0.0">
    <ignored/>
  </testcase> <!-- verifyUserCannotLoginUsingInvalidUsernameAndPassword -->
</testsuite> <!-- parameters.xml -->
